<?xml version="1.0" encoding="UTF-8"?>
<testsuite name="testproject.AggregatorTest" tests="1" skipped="0" failures="0" errors="0" timestamp="2023-12-17T13:54:58" hostname="LABTOP_TYOMA19" time="0.349">
  <properties/>
  <testcase name="checkResetFun()" classname="testproject.AggregatorTest" time="0.349"/>
  <system-out><![CDATA[]]></system-out>
  <system-err><![CDATA[]]></system-err>
</testsuite>
